<?xml version="1.0" encoding="UTF-8"?>
<!-- Generated by org.testng.reporters.JUnitReportReporter -->
<testsuite hostname="DESKTOP-FE3TF8H" failures="0" tests="1" name="com.qa.rest.tests.Tests_Post" time="4.070" errors="0" timestamp="2020-12-14T12:13:06 GMT-08:00" skipped="0">
  <testcase classname="com.qa.rest.tests.Tests_Post" name="test1_post" time="4.070"/>
  <system-out/>
</testsuite> <!-- com.qa.rest.tests.Tests_Post -->
