<?xml version="1.0" encoding="UTF-8"?>
<!-- Generated by org.testng.reporters.JUnitReportReporter -->
<testsuite hostname="DESKTOP-FE3TF8H" failures="0" tests="1" name="com.qa.rest.tests.Tests_Get" time="4.642" errors="0" timestamp="2020-12-13T22:32:39 GMT-08:00" skipped="0">
  <testcase classname="com.qa.rest.tests.Tests_Get" name="test_1" time="4.642"/>
  <system-out/>
</testsuite> <!-- com.qa.rest.tests.Tests_Get -->
