<?xml version="1.0" encoding="UTF-8"?>
<!-- Generated by org.testng.reporters.JUnitReportReporter -->
<testsuite hostname="DESKTOP-FE3TF8H" failures="0" tests="1" name="com.qa.rest.tests.RestAssuredPostRequest" time="8.438" errors="0" timestamp="2020-12-25T21:02:08 GMT-08:00" skipped="0">
  <testcase classname="com.qa.rest.tests.RestAssuredPostRequest" name="submitForm" time="8.438"/>
  <system-out/>
</testsuite> <!-- com.qa.rest.tests.RestAssuredPostRequest -->
