<?xml version="1.0" encoding="UTF-8"?>
<!-- Generated by org.testng.reporters.JUnitReportReporter -->
<testsuite hostname="DESKTOP-FE3TF8H" failures="0" tests="2" name="com.qa.rest.tests.Test01_Get" time="3.954" errors="0" timestamp="2020-12-13T21:47:27 GMT-08:00" skipped="0">
  <testcase classname="com.qa.rest.tests.Test01_Get" name="Test01_Get" time="2.894"/>
  <system-out/>
  <testcase classname="com.qa.rest.tests.Test01_Get" name="Test02_Get" time="1.060"/>
  <system-out/>
</testsuite> <!-- com.qa.rest.tests.Test01_Get -->
